TYPHOONS
TOUCANS
TIGERS
TEAM USA
TANGERINES
SUPER SONIC SOCCERS
SUGER BEES
STING RAYS
SPRINTERS
SPARKS
SOCCER SISTERS
SNOW DEVILS
SLAMMER
SILVER SHARKS
SHOCKWAVE
SCREAMING EAGLES
MUTINY
MILLENNIUM JUMPERS
MIGHTY GRASSHOPPERS
MENEHUNES
MANTIS
FUGITIVES
FLAMES
FIRE CRACKER
FIRE ANGELS
AWESOME BLOSSOMS
ANTEATERS
ALMOST ANGELS
Cei 4 fantastici
Monster
Pic si Poc
Savage
4Team
Ferocious Killers
Gangs of New Pork
Fargo Woodchippers
The Waiver Wire

--- ROUND NO:1
TYPHOONS                       - TOUCANS                       
TIGERS                         - TEAM USA                      
TANGERINES                     - SUPER SONIC SOCCERS           
SUGER BEES                     - STING RAYS                    
SPRINTERS                      - SPARKS                        
SNOW DEVILS                    - SILVER SHARKS                 
SHOCKWAVE                      - SCREAMING EAGLES              
MILLENNIUM JUMPERS             - MIGHTY GRASSHOPPERS           
MANTIS                         - FUGITIVES                     
FIRE CRACKER                   - FIRE ANGELS                   
AWESOME BLOSSOMS               - ANTEATERS                     
ALMOST ANGELS                  - Cei 4 fantastici              
Monster                        - Pic si Poc                    
Savage                         - 4Team                         
Ferocious Killers              - Gangs of New Pork             
Fargo Woodchippers             - The Waiver Wire               

WINNERS OF ROUND NO:1
Fargo Woodchippers             - 6.25


--- ROUND NO:1
TYPHOONS                       - TOUCANS                       
TIGERS                         - TEAM USA                      
TANGERINES                     - SUPER SONIC SOCCERS           
SUGER BEES                     - STING RAYS                    
SPRINTERS                      - SPARKS                        
SNOW DEVILS                    - SILVER SHARKS                 
SHOCKWAVE                      - SCREAMING EAGLES              
MILLENNIUM JUMPERS             - MIGHTY GRASSHOPPERS           
MANTIS                         - FUGITIVES                     
FIRE CRACKER                   - FIRE ANGELS                   
AWESOME BLOSSOMS               - ANTEATERS                     
ALMOST ANGELS                  - Cei 4 fantastici              
Monster                        - Pic si Poc                    
Savage                         - 4Team                         
Ferocious Killers              - Gangs of New Pork             
Fargo Woodchippers             - The Waiver Wire               

WINNERS OF ROUND NO:1
TEAM USA                       - 8.83


--- ROUND NO:1
TYPHOONS                       - TOUCANS                       
TIGERS                         - TEAM USA                      
TANGERINES                     - SUPER SONIC SOCCERS           
SUGER BEES                     - STING RAYS                    
SPRINTERS                      - SPARKS                        
SNOW DEVILS                    - SILVER SHARKS                 
SHOCKWAVE                      - SCREAMING EAGLES              
MILLENNIUM JUMPERS             - MIGHTY GRASSHOPPERS           
MANTIS                         - FUGITIVES                     
FIRE CRACKER                   - FIRE ANGELS                   
AWESOME BLOSSOMS               - ANTEATERS                     
ALMOST ANGELS                  - Cei 4 fantastici              
Monster                        - Pic si Poc                    
Savage                         - 4Team                         
Ferocious Killers              - Gangs of New Pork             
Fargo Woodchippers             - The Waiver Wire               

WINNERS OF ROUND NO:1
Gangs of New Pork              - 9.58


--- ROUND NO:1
TYPHOONS                       - TOUCANS                       
TIGERS                         - TEAM USA                      
TANGERINES                     - SUPER SONIC SOCCERS           
SUGER BEES                     - STING RAYS                    
SPRINTERS                      - SPARKS                        
SNOW DEVILS                    - SILVER SHARKS                 
SHOCKWAVE                      - SCREAMING EAGLES              
MILLENNIUM JUMPERS             - MIGHTY GRASSHOPPERS           
MANTIS                         - FUGITIVES                     
FIRE CRACKER                   - FIRE ANGELS                   
AWESOME BLOSSOMS               - ANTEATERS                     
ALMOST ANGELS                  - Cei 4 fantastici              
Monster                        - Pic si Poc                    
Savage                         - 4Team                         
Ferocious Killers              - Gangs of New Pork             
Fargo Woodchippers             - The Waiver Wire               

WINNERS OF ROUND NO:1
SPRINTERS                      - 10.92


--- ROUND NO:1
TYPHOONS                       - TOUCANS                       
TIGERS                         - TEAM USA                      
TANGERINES                     - SUPER SONIC SOCCERS           
SUGER BEES                     - STING RAYS                    
SPRINTERS                      - SPARKS                        
SNOW DEVILS                    - SILVER SHARKS                 
SHOCKWAVE                      - SCREAMING EAGLES              
MILLENNIUM JUMPERS             - MIGHTY GRASSHOPPERS           
MANTIS                         - FUGITIVES                     
FIRE CRACKER                   - FIRE ANGELS                   
AWESOME BLOSSOMS               - ANTEATERS                     
ALMOST ANGELS                  - Cei 4 fantastici              
Monster                        - Pic si Poc                    
Savage                         - 4Team                         
Ferocious Killers              - Gangs of New Pork             
Fargo Woodchippers             - The Waiver Wire               

WINNERS OF ROUND NO:1
SPRINTERS                      - 11.92

